2019-01-15T07:28:51.922Z - normal: Load ~/.CocosCreator/settings.json
2019-01-15T07:28:51.930Z - normal: checking language setting...
2019-01-15T07:28:51.934Z - normal: Language: zh
2019-01-15T07:28:56.767Z - success: protocol editor-framework registered
2019-01-15T07:28:56.767Z - success: protocol app registered
2019-01-15T07:28:56.767Z - success: protocol theme registered
2019-01-15T07:28:56.768Z - success: protocol packages registered
2019-01-15T07:28:56.768Z - success: protocol unpack registerred
2019-01-15T07:28:56.768Z - success: protocol disable-commonjs registerred
2019-01-15T07:28:57.059Z - normal: connected!
2019-01-15T07:28:57.064Z - normal: Check project D:\lj\cocos\Mygame
2019-01-15T07:28:57.070Z - normal: Initializing project D:\lj\cocos\Mygame
2019-01-15T07:28:57.081Z - normal: Initializing Cocos2d
2019-01-15T07:28:59.174Z - normal: Initializing Asset Database
2019-01-15T07:28:59.313Z - success: protocol uuid registerred
2019-01-15T07:28:59.313Z - success: protocol db registerred
2019-01-15T07:28:59.314Z - success: protocol thumbnail registerred
2019-01-15T07:28:59.314Z - normal: Loading editor/builtin packages
2019-01-15T07:28:59.870Z - success: assets loaded
2019-01-15T07:28:59.879Z - success: builder loaded
2019-01-15T07:28:59.887Z - success: cocos-analytics loaded
2019-01-15T07:28:59.906Z - success: console loaded
2019-01-15T07:29:00.000Z - success: fb-instant-games loaded
2019-01-15T07:29:00.009Z - success: hierarchy loaded
2019-01-15T07:29:00.017Z - success: inspector loaded
2019-01-15T07:29:00.020Z - success: keystore loaded
2019-01-15T07:29:00.032Z - success: node-library loaded
2019-01-15T07:29:00.037Z - success: package-asset loaded
2019-01-15T07:29:00.040Z - success: preferences loaded
2019-01-15T07:29:00.044Z - success: project-exporter loaded
2019-01-15T07:29:00.082Z - success: project-importer loaded
2019-01-15T07:29:00.086Z - success: project-settings loaded
2019-01-15T07:29:00.091Z - success: ui-kit loaded
2019-01-15T07:29:00.097Z - success: scene loaded
2019-01-15T07:29:00.099Z - success: sprite-editor loaded
2019-01-15T07:29:00.106Z - success: store loaded
2019-01-15T07:29:00.114Z - success: timeline loaded
2019-01-15T07:29:00.115Z - normal: Loading builtin packages
2019-01-15T07:29:00.122Z - success: asset-db-debugger loaded
2019-01-15T07:29:00.139Z - success: code-editor loaded
2019-01-15T07:29:00.140Z - success: color-picker loaded
2019-01-15T07:29:00.151Z - success: package-manager loaded
2019-01-15T07:29:00.152Z - success: qqplay-adapter loaded
2019-01-15T07:29:00.188Z - success: sdkbox loaded
2019-01-15T07:29:00.196Z - success: tester loaded
2019-01-15T07:29:00.200Z - success: ui-grid loaded
2019-01-15T07:29:00.204Z - success: ui-kit-preview-extra loaded
2019-01-15T07:29:00.207Z - success: ui-kit-preview loaded
2019-01-15T07:29:00.228Z - success: ui-tree loaded
2019-01-15T07:29:00.229Z - success: weapp-adapter loaded
2019-01-15T07:29:03.747Z - normal: Loading packages
2019-01-15T07:29:03.759Z - normal: Watching packages
2019-01-15T07:29:04.578Z - normal: Run Application
2019-01-15T07:29:09.360Z - success: preview server running at http://localhost:7456
2019-01-15T07:31:19.846Z - info: shutdown preview server
